# JRE version: Java(TM) SE Runtime Environment (8.0_141-b15) (build 1.8.0_141-b15)
# Java VM: Java HotSpot(TM) 64-Bit Server VM (25.141-b15 mixed mode windows-amd64 compressed oops)
Heap:
 PSYoungGen      total 540672K, used 319724K [0x000000076b900000, 0x000000078e200000, 0x00000007c0000000)
  eden space 518144K, 60% used [0x000000076b900000,0x000000077ea9b250,0x000000078b300000)
  from space 22528K, 30% used [0x000000078ca00000,0x000000078d0a0190,0x000000078e000000)
  to   space 23552K, 0% used [0x000000078b300000,0x000000078b300000,0x000000078ca00000)
 ParOldGen       total 173568K, used 114167K [0x00000006c2a00000, 0x00000006cd380000, 0x000000076b900000)
  object space 173568K, 65% used [0x00000006c2a00000,0x00000006c997dfa0,0x00000006cd380000)
 Metaspace       used 18096K, capacity 18432K, committed 18816K, reserved 1064960K
  class space    used 2236K, capacity 2341K, committed 2432K, reserved 1048576K
GC Heap History (10 events):
Event: 17.536 GC heap before
{Heap before GC invocations=20 (full 0):
 PSYoungGen      total 541696K, used 529792K [0x000000076b900000, 0x000000078e200000, 0x00000007c0000000)
  eden space 518144K, 100% used [0x000000076b900000,0x000000078b300000,0x000000078b300000)
  from space 23552K, 49% used [0x000000078b300000,0x000000078be602a0,0x000000078ca00000)
  to   space 22528K, 0% used [0x000000078ca00000,0x000000078ca00000,0x000000078e000000)
 ParOldGen       total 173568K, used 84470K [0x00000006c2a00000, 0x00000006cd380000, 0x000000076b900000)
  object space 173568K, 48% used [0x00000006c2a00000,0x00000006c7c7d8e0,0x00000006cd380000)
 Metaspace       used 18061K, capacity 18426K, committed 18816K, reserved 1064960K
  class space    used 2236K, capacity 2340K, committed 2432K, reserved 1048576K
Event: 17.538 GC heap after
Heap after GC invocations=20 (full 0):
 PSYoungGen      total 540672K, used 8320K [0x000000076b900000, 0x000000078e200000, 0x00000007c0000000)
  eden space 518144K, 0% used [0x000000076b900000,0x000000076b900000,0x000000078b300000)
  from space 22528K, 36% used [0x000000078ca00000,0x000000078d2201f0,0x000000078e000000)
  to   space 23552K, 0% used [0x000000078b300000,0x000000078b300000,0x000000078ca00000)
 ParOldGen       total 173568K, used 89966K [0x00000006c2a00000, 0x00000006cd380000, 0x000000076b900000)
  object space 173568K, 51% used [0x00000006c2a00000,0x00000006c81dba10,0x00000006cd380000)
 Metaspace       used 18061K, capacity 18426K, committed 18816K, reserved 1064960K
  class space    used 2236K, capacity 2340K, committed 2432K, reserved 1048576K
}
Event: 17.625 GC heap before
{Heap before GC invocations=21 (full 0):
 PSYoungGen      total 540672K, used 526464K [0x000000076b900000, 0x000000078e200000, 0x00000007c0000000)
  eden space 518144K, 100% used [0x000000076b900000,0x000000078b300000,0x000000078b300000)
  from space 22528K, 36% used [0x000000078ca00000,0x000000078d2201f0,0x000000078e000000)
  to   space 23552K, 0% used [0x000000078b300000,0x000000078b300000,0x000000078ca00000)
 ParOldGen       total 173568K, used 89966K [0x00000006c2a00000, 0x00000006cd380000, 0x000000076b900000)
  object space 173568K, 51% used [0x00000006c2a00000,0x00000006c81dba10,0x00000006cd380000)
 Metaspace       used 18068K, capacity 18432K, committed 18816K, reserved 1064960K
  class space    used 2236K, capacity 2341K, committed 2432K, reserved 1048576K
Event: 17.627 GC heap after
Heap after GC invocations=21 (full 0):
 PSYoungGen      total 541696K, used 9312K [0x000000076b900000, 0x000000078e200000, 0x00000007c0000000)
  eden space 518144K, 0% used [0x000000076b900000,0x000000076b900000,0x000000078b300000)
  from space 23552K, 39% used [0x000000078b300000,0x000000078bc18210,0x000000078ca00000)
  to   space 22528K, 0% used [0x000000078ca00000,0x000000078ca00000,0x000000078e000000)
 ParOldGen       total 173568K, used 93870K [0x00000006c2a00000, 0x00000006cd380000, 0x000000076b900000)
  object space 173568K, 54% used [0x00000006c2a00000,0x00000006c85abb00,0x00000006cd380000)
 Metaspace       used 18068K, capacity 18432K, committed 18816K, reserved 1064960K
  class space    used 2236K, capacity 2341K, committed 2432K, reserved 1048576K
}
Event: 17.704 GC heap before
{Heap before GC invocations=22 (full 0):
 PSYoungGen      total 541696K, used 527456K [0x000000076b900000, 0x000000078e200000, 0x00000007c0000000)
  eden space 518144K, 100% used [0x000000076b900000,0x000000078b300000,0x000000078b300000)
  from space 23552K, 39% used [0x000000078b300000,0x000000078bc18210,0x000000078ca00000)
  to   space 22528K, 0% used [0x000000078ca00000,0x000000078ca00000,0x000000078e000000)
 ParOldGen       total 173568K, used 93870K [0x00000006c2a00000, 0x00000006cd380000, 0x000000076b900000)
  object space 173568K, 54% used [0x00000006c2a00000,0x00000006c85abb00,0x00000006cd380000)
 Metaspace       used 18069K, capacity 18432K, committed 18816K, reserved 1064960K
  class space    used 2236K, capacity 2341K, committed 2432K, reserved 1048576K
Event: 17.706 GC heap after
Heap after GC invocations=22 (full 0):
 PSYoungGen      total 540672K, used 5728K [0x000000076b900000, 0x000000078e200000, 0x00000007c0000000)
  eden space 518144K, 0% used [0x000000076b900000,0x000000076b900000,0x000000078b300000)
  from space 22528K, 25% used [0x000000078ca00000,0x000000078cf98150,0x000000078e000000)
  to   space 23552K, 0% used [0x000000078b300000,0x000000078b300000,0x000000078ca00000)
 ParOldGen       total 173568K, used 101935K [0x00000006c2a00000, 0x00000006cd380000, 0x000000076b900000)
  object space 173568K, 58% used [0x00000006c2a00000,0x00000006c8d8bcd0,0x00000006cd380000)
 Metaspace       used 18069K, capacity 18432K, committed 18816K, reserved 1064960K
  class space    used 2236K, capacity 2341K, committed 2432K, reserved 1048576K
}
Event: 17.787 GC heap before
{Heap before GC invocations=23 (full 0):
 PSYoungGen      total 540672K, used 523872K [0x000000076b900000, 0x000000078e200000, 0x00000007c0000000)
  eden space 518144K, 100% used [0x000000076b900000,0x000000078b300000,0x000000078b300000)
  from space 22528K, 25% used [0x000000078ca00000,0x000000078cf98150,0x000000078e000000)
  to   space 23552K, 0% used [0x000000078b300000,0x000000078b300000,0x000000078ca00000)
 ParOldGen       total 173568K, used 101935K [0x00000006c2a00000, 0x00000006cd380000, 0x000000076b900000)
  object space 173568K, 58% used [0x00000006c2a00000,0x00000006c8d8bcd0,0x00000006cd380000)
 Metaspace       used 18090K, capacity 18432K, committed 18816K, reserved 1064960K
  class space    used 2236K, capacity 2341K, committed 2432K, reserved 1048576K
Event: 17.789 GC heap after
Heap after GC invocations=23 (full 0):
 PSYoungGen      total 541696K, used 11680K [0x000000076b900000, 0x000000078e200000, 0x00000007c0000000)
  eden space 518144K, 0% used [0x000000076b900000,0x000000076b900000,0x000000078b300000)
  from space 23552K, 49% used [0x000000078b300000,0x000000078be682a0,0x000000078ca00000)
  to   space 22528K, 0% used [0x000000078ca00000,0x000000078ca00000,0x000000078e000000)
 ParOldGen       total 173568K, used 105847K [0x00000006c2a00000, 0x00000006cd380000, 0x000000076b900000)
  object space 173568K, 60% used [0x00000006c2a00000,0x00000006c915ddc0,0x00000006cd380000)
 Metaspace       used 18090K, capacity 18432K, committed 18816K, reserved 1064960K
  class space    used 2236K, capacity 2341K, committed 2432K, reserved 1048576K
}
Event: 17.870 GC heap before
{Heap before GC invocations=24 (full 0):
 PSYoungGen      total 541696K, used 529824K [0x000000076b900000, 0x000000078e200000, 0x00000007c0000000)
  eden space 518144K, 100% used [0x000000076b900000,0x000000078b300000,0x000000078b300000)
  from space 23552K, 49% used [0x000000078b300000,0x000000078be682a0,0x000000078ca00000)
  to   space 22528K, 0% used [0x000000078ca00000,0x000000078ca00000,0x000000078e000000)
 ParOldGen       total 173568K, used 105847K [0x00000006c2a00000, 0x00000006cd380000, 0x000000076b900000)
  object space 173568K, 60% used [0x00000006c2a00000,0x00000006c915ddc0,0x00000006cd380000)
 Metaspace       used 18096K, capacity 18432K, committed 18816K, reserved 1064960K
  class space    used 2236K, capacity 2341K, committed 2432K, reserved 1048576K
Event: 17.872 GC heap after
Heap after GC invocations=24 (full 0):
 PSYoungGen      total 540672K, used 6784K [0x000000076b900000, 0x000000078e200000, 0x00000007c0000000)
  eden space 518144K, 0% used [0x000000076b900000,0x000000076b900000,0x000000078b300000)
  from space 22528K, 30% used [0x000000078ca00000,0x000000078d0a0190,0x000000078e000000)
  to   space 23552K, 0% used [0x000000078b300000,0x000000078b300000,0x000000078ca00000)
 ParOldGen       total 173568K, used 114167K [0x00000006c2a00000, 0x00000006cd380000, 0x000000076b900000)
  object space 173568K, 65% used [0x00000006c2a00000,0x00000006c997dfa0,0x00000006cd380000)
 Metaspace       used 18096K, capacity 18432K, committed 18816K, reserved 1064960K
  class space    used 2236K, capacity 2341K, committed 2432K, reserved 1048576K
}

