# JRE version: Java(TM) SE Runtime Environment (8.0_141-b15) (build 1.8.0_141-b15)
# Java VM: Java HotSpot(TM) 64-Bit Server VM (25.141-b15 mixed mode windows-amd64 compressed oops)
Heap:
 PSYoungGen      total 541184K, used 336084K [0x000000076b900000, 0x0000000797180000, 0x00000007c0000000)
  eden space 520192K, 62% used [0x000000076b900000,0x000000077f565060,0x000000078b500000)
  from space 20992K, 57% used [0x000000078b500000,0x000000078c0d02e0,0x000000078c980000)
  to   space 18432K, 0% used [0x0000000795f80000,0x0000000795f80000,0x0000000797180000)
 ParOldGen       total 173568K, used 121234K [0x00000006c2a00000, 0x00000006cd380000, 0x000000076b900000)
  object space 173568K, 69% used [0x00000006c2a00000,0x00000006ca064988,0x00000006cd380000)
 Metaspace       used 18414K, capacity 18696K, committed 19072K, reserved 1067008K
  class space    used 2267K, capacity 2341K, committed 2432K, reserved 1048576K
GC Heap History (10 events):
Event: 13.682 GC heap before
{Heap before GC invocations=21 (full 0):
 PSYoungGen      total 540672K, used 529888K [0x000000076b900000, 0x000000078de00000, 0x00000007c0000000)
  eden space 520192K, 100% used [0x000000076b900000,0x000000078b500000,0x000000078b500000)
  from space 20480K, 47% used [0x000000078ca00000,0x000000078d378240,0x000000078de00000)
  to   space 20992K, 0% used [0x000000078b500000,0x000000078b500000,0x000000078c980000)
 ParOldGen       total 173568K, used 93472K [0x00000006c2a00000, 0x00000006cd380000, 0x000000076b900000)
  object space 173568K, 53% used [0x00000006c2a00000,0x00000006c8548308,0x00000006cd380000)
 Metaspace       used 18362K, capacity 18632K, committed 18816K, reserved 1064960K
  class space    used 2267K, capacity 2341K, committed 2432K, reserved 1048576K
Event: 13.684 GC heap after
Heap after GC invocations=21 (full 0):
 PSYoungGen      total 541184K, used 6272K [0x000000076b900000, 0x000000078de00000, 0x00000007c0000000)
  eden space 520192K, 0% used [0x000000076b900000,0x000000076b900000,0x000000078b500000)
  from space 20992K, 29% used [0x000000078b500000,0x000000078bb20170,0x000000078c980000)
  to   space 20480K, 0% used [0x000000078ca00000,0x000000078ca00000,0x000000078de00000)
 ParOldGen       total 173568K, used 101609K [0x00000006c2a00000, 0x00000006cd380000, 0x000000076b900000)
  object space 173568K, 58% used [0x00000006c2a00000,0x00000006c8d3a4e8,0x00000006cd380000)
 Metaspace       used 18362K, capacity 18632K, committed 18816K, reserved 1064960K
  class space    used 2267K, capacity 2341K, committed 2432K, reserved 1048576K
}
Event: 13.773 GC heap before
{Heap before GC invocations=22 (full 0):
 PSYoungGen      total 541184K, used 526365K [0x000000076b900000, 0x000000078de00000, 0x00000007c0000000)
  eden space 520192K, 99% used [0x000000076b900000,0x000000078b4e73c0,0x000000078b500000)
  from space 20992K, 29% used [0x000000078b500000,0x000000078bb20170,0x000000078c980000)
  to   space 20480K, 0% used [0x000000078ca00000,0x000000078ca00000,0x000000078de00000)
 ParOldGen       total 173568K, used 101609K [0x00000006c2a00000, 0x00000006cd380000, 0x000000076b900000)
  object space 173568K, 58% used [0x00000006c2a00000,0x00000006c8d3a4e8,0x00000006cd380000)
 Metaspace       used 18393K, capacity 18696K, committed 19072K, reserved 1067008K
  class space    used 2267K, capacity 2341K, committed 2432K, reserved 1048576K
Event: 13.775 GC heap after
Heap after GC invocations=22 (full 0):
 PSYoungGen      total 540672K, used 10432K [0x000000076b900000, 0x000000078de00000, 0x00000007c0000000)
  eden space 520192K, 0% used [0x000000076b900000,0x000000076b900000,0x000000078b500000)
  from space 20480K, 50% used [0x000000078ca00000,0x000000078d430260,0x000000078de00000)
  to   space 20992K, 0% used [0x000000078b500000,0x000000078b500000,0x000000078c980000)
 ParOldGen       total 173568K, used 105257K [0x00000006c2a00000, 0x00000006cd380000, 0x000000076b900000)
  object space 173568K, 60% used [0x00000006c2a00000,0x00000006c90ca5c8,0x00000006cd380000)
 Metaspace       used 18393K, capacity 18696K, committed 19072K, reserved 1067008K
  class space    used 2267K, capacity 2341K, committed 2432K, reserved 1048576K
}
Event: 13.844 GC heap before
{Heap before GC invocations=23 (full 0):
 PSYoungGen      total 540672K, used 530624K [0x000000076b900000, 0x000000078de00000, 0x00000007c0000000)
  eden space 520192K, 100% used [0x000000076b900000,0x000000078b500000,0x000000078b500000)
  from space 20480K, 50% used [0x000000078ca00000,0x000000078d430260,0x000000078de00000)
  to   space 20992K, 0% used [0x000000078b500000,0x000000078b500000,0x000000078c980000)
 ParOldGen       total 173568K, used 105257K [0x00000006c2a00000, 0x00000006cd380000, 0x000000076b900000)
  object space 173568K, 60% used [0x00000006c2a00000,0x00000006c90ca5c8,0x00000006cd380000)
 Metaspace       used 18404K, capacity 18696K, committed 19072K, reserved 1067008K
  class space    used 2267K, capacity 2341K, committed 2432K, reserved 1048576K
Event: 13.847 GC heap after
Heap after GC invocations=23 (full 0):
 PSYoungGen      total 541184K, used 7808K [0x000000076b900000, 0x000000078de00000, 0x00000007c0000000)
  eden space 520192K, 0% used [0x000000076b900000,0x000000076b900000,0x000000078b500000)
  from space 20992K, 37% used [0x000000078b500000,0x000000078bca01d0,0x000000078c980000)
  to   space 20480K, 0% used [0x000000078ca00000,0x000000078ca00000,0x000000078de00000)
 ParOldGen       total 173568K, used 114417K [0x00000006c2a00000, 0x00000006cd380000, 0x000000076b900000)
  object space 173568K, 65% used [0x00000006c2a00000,0x00000006c99bc7e8,0x00000006cd380000)
 Metaspace       used 18404K, capacity 18696K, committed 19072K, reserved 1067008K
  class space    used 2267K, capacity 2341K, committed 2432K, reserved 1048576K
}
Event: 13.932 GC heap before
{Heap before GC invocations=24 (full 0):
 PSYoungGen      total 541184K, used 528000K [0x000000076b900000, 0x000000078de00000, 0x00000007c0000000)
  eden space 520192K, 100% used [0x000000076b900000,0x000000078b500000,0x000000078b500000)
  from space 20992K, 37% used [0x000000078b500000,0x000000078bca01d0,0x000000078c980000)
  to   space 20480K, 0% used [0x000000078ca00000,0x000000078ca00000,0x000000078de00000)
 ParOldGen       total 173568K, used 114417K [0x00000006c2a00000, 0x00000006cd380000, 0x000000076b900000)
  object space 173568K, 65% used [0x00000006c2a00000,0x00000006c99bc7e8,0x00000006cd380000)
 Metaspace       used 18404K, capacity 18696K, committed 19072K, reserved 1067008K
  class space    used 2267K, capacity 2341K, committed 2432K, reserved 1048576K
Event: 13.934 GC heap after
Heap after GC invocations=24 (full 0):
 PSYoungGen      total 540672K, used 8576K [0x000000076b900000, 0x000000078de00000, 0x00000007c0000000)
  eden space 520192K, 0% used [0x000000076b900000,0x000000076b900000,0x000000078b500000)
  from space 20480K, 41% used [0x000000078ca00000,0x000000078d260200,0x000000078de00000)
  to   space 20992K, 0% used [0x000000078b500000,0x000000078b500000,0x000000078c980000)
 ParOldGen       total 173568K, used 117314K [0x00000006c2a00000, 0x00000006cd380000, 0x000000076b900000)
  object space 173568K, 67% used [0x00000006c2a00000,0x00000006c9c90898,0x00000006cd380000)
 Metaspace       used 18404K, capacity 18696K, committed 19072K, reserved 1067008K
  class space    used 2267K, capacity 2341K, committed 2432K, reserved 1048576K
}
Event: 14.034 GC heap before
{Heap before GC invocations=25 (full 0):
 PSYoungGen      total 540672K, used 528768K [0x000000076b900000, 0x000000078de00000, 0x00000007c0000000)
  eden space 520192K, 100% used [0x000000076b900000,0x000000078b500000,0x000000078b500000)
  from space 20480K, 41% used [0x000000078ca00000,0x000000078d260200,0x000000078de00000)
  to   space 20992K, 0% used [0x000000078b500000,0x000000078b500000,0x000000078c980000)
 ParOldGen       total 173568K, used 117314K [0x00000006c2a00000, 0x00000006cd380000, 0x000000076b900000)
  object space 173568K, 67% used [0x00000006c2a00000,0x00000006c9c90898,0x00000006cd380000)
 Metaspace       used 18414K, capacity 18696K, committed 19072K, reserved 1067008K
  class space    used 2267K, capacity 2341K, committed 2432K, reserved 1048576K
Event: 14.037 GC heap after
Heap after GC invocations=25 (full 0):
 PSYoungGen      total 541184K, used 12096K [0x000000076b900000, 0x0000000797180000, 0x00000007c0000000)
  eden space 520192K, 0% used [0x000000076b900000,0x000000076b900000,0x000000078b500000)
  from space 20992K, 57% used [0x000000078b500000,0x000000078c0d02e0,0x000000078c980000)
  to   space 18432K, 0% used [0x0000000795f80000,0x0000000795f80000,0x0000000797180000)
 ParOldGen       total 173568K, used 121234K [0x00000006c2a00000, 0x00000006cd380000, 0x000000076b900000)
  object space 173568K, 69% used [0x00000006c2a00000,0x00000006ca064988,0x00000006cd380000)
 Metaspace       used 18414K, capacity 18696K, committed 19072K, reserved 1067008K
  class space    used 2267K, capacity 2341K, committed 2432K, reserved 1048576K
}

