# JRE version: Java(TM) SE Runtime Environment (8.0_141-b15) (build 1.8.0_141-b15)
# Java VM: Java HotSpot(TM) 64-Bit Server VM (25.141-b15 mixed mode windows-amd64 compressed oops)
Heap:
 PSYoungGen      total 853504K, used 467086K [0x000000076b900000, 0x00000007a1000000, 0x00000007c0000000)
  eden space 832512K, 54% used [0x000000076b900000,0x00000007876c3928,0x000000079e600000)
  from space 20992K, 50% used [0x000000079fb80000,0x00000007a05e0260,0x00000007a1000000)
  to   space 21504K, 0% used [0x000000079e600000,0x000000079e600000,0x000000079fb00000)
 ParOldGen       total 215552K, used 201195K [0x00000006c2a00000, 0x00000006cfc80000, 0x000000076b900000)
  object space 215552K, 93% used [0x00000006c2a00000,0x00000006cee7afc0,0x00000006cfc80000)
 Metaspace       used 18249K, capacity 18564K, committed 18816K, reserved 1064960K
  class space    used 2237K, capacity 2343K, committed 2432K, reserved 1048576K
GC Heap History (10 events):
Event: 11.555 GC heap before
{Heap before GC invocations=41 (full 1):
 PSYoungGen      total 854016K, used 842880K [0x000000076b900000, 0x00000007a1000000, 0x00000007c0000000)
  eden space 832512K, 100% used [0x000000076b900000,0x000000079e600000,0x000000079e600000)
  from space 21504K, 48% used [0x000000079e600000,0x000000079f020250,0x000000079fb00000)
  to   space 20992K, 0% used [0x000000079fb80000,0x000000079fb80000,0x00000007a1000000)
 ParOldGen       total 215552K, used 174074K [0x00000006c2a00000, 0x00000006cfc80000, 0x000000076b900000)
  object space 215552K, 80% used [0x00000006c2a00000,0x00000006cd3fe970,0x00000006cfc80000)
 Metaspace       used 18233K, capacity 18564K, committed 18816K, reserved 1064960K
  class space    used 2237K, capacity 2343K, committed 2432K, reserved 1048576K
Event: 11.560 GC heap after
Heap after GC invocations=41 (full 1):
 PSYoungGen      total 853504K, used 7552K [0x000000076b900000, 0x00000007a1000000, 0x00000007c0000000)
  eden space 832512K, 0% used [0x000000076b900000,0x000000076b900000,0x000000079e600000)
  from space 20992K, 35% used [0x000000079fb80000,0x00000007a02e01c0,0x00000007a1000000)
  to   space 21504K, 0% used [0x000000079e600000,0x000000079e600000,0x000000079fb00000)
 ParOldGen       total 215552K, used 182394K [0x00000006c2a00000, 0x00000006cfc80000, 0x000000076b900000)
  object space 215552K, 84% used [0x00000006c2a00000,0x00000006cdc1eb50,0x00000006cfc80000)
 Metaspace       used 18233K, capacity 18564K, committed 18816K, reserved 1064960K
  class space    used 2237K, capacity 2343K, committed 2432K, reserved 1048576K
}
Event: 11.653 GC heap before
{Heap before GC invocations=42 (full 1):
 PSYoungGen      total 853504K, used 840064K [0x000000076b900000, 0x00000007a1000000, 0x00000007c0000000)
  eden space 832512K, 100% used [0x000000076b900000,0x000000079e600000,0x000000079e600000)
  from space 20992K, 35% used [0x000000079fb80000,0x00000007a02e01c0,0x00000007a1000000)
  to   space 21504K, 0% used [0x000000079e600000,0x000000079e600000,0x000000079fb00000)
 ParOldGen       total 215552K, used 182394K [0x00000006c2a00000, 0x00000006cfc80000, 0x000000076b900000)
  object space 215552K, 84% used [0x00000006c2a00000,0x00000006cdc1eb50,0x00000006cfc80000)
 Metaspace       used 18234K, capacity 18564K, committed 18816K, reserved 1064960K
  class space    used 2237K, capacity 2343K, committed 2432K, reserved 1048576K
Event: 11.655 GC heap after
Heap after GC invocations=42 (full 1):
 PSYoungGen      total 854016K, used 9024K [0x000000076b900000, 0x00000007a1000000, 0x00000007c0000000)
  eden space 832512K, 0% used [0x000000076b900000,0x000000076b900000,0x000000079e600000)
  from space 21504K, 41% used [0x000000079e600000,0x000000079eed0220,0x000000079fb00000)
  to   space 20992K, 0% used [0x000000079fb80000,0x000000079fb80000,0x00000007a1000000)
 ParOldGen       total 215552K, used 186059K [0x00000006c2a00000, 0x00000006cfc80000, 0x000000076b900000)
  object space 215552K, 86% used [0x00000006c2a00000,0x00000006cdfb2c30,0x00000006cfc80000)
 Metaspace       used 18234K, capacity 18564K, committed 18816K, reserved 1064960K
  class space    used 2237K, capacity 2343K, committed 2432K, reserved 1048576K
}
Event: 11.771 GC heap before
{Heap before GC invocations=43 (full 1):
 PSYoungGen      total 854016K, used 841536K [0x000000076b900000, 0x00000007a1000000, 0x00000007c0000000)
  eden space 832512K, 100% used [0x000000076b900000,0x000000079e600000,0x000000079e600000)
  from space 21504K, 41% used [0x000000079e600000,0x000000079eed0220,0x000000079fb00000)
  to   space 20992K, 0% used [0x000000079fb80000,0x000000079fb80000,0x00000007a1000000)
 ParOldGen       total 215552K, used 186059K [0x00000006c2a00000, 0x00000006cfc80000, 0x000000076b900000)
  object space 215552K, 86% used [0x00000006c2a00000,0x00000006cdfb2c30,0x00000006cfc80000)
 Metaspace       used 18242K, capacity 18564K, committed 18816K, reserved 1064960K
  class space    used 2237K, capacity 2343K, committed 2432K, reserved 1048576K
Event: 11.775 GC heap after
Heap after GC invocations=43 (full 1):
 PSYoungGen      total 853504K, used 9344K [0x000000076b900000, 0x00000007a1000000, 0x00000007c0000000)
  eden space 832512K, 0% used [0x000000076b900000,0x000000076b900000,0x000000079e600000)
  from space 20992K, 44% used [0x000000079fb80000,0x00000007a04a0210,0x00000007a1000000)
  to   space 21504K, 0% used [0x000000079e600000,0x000000079e600000,0x000000079fb00000)
 ParOldGen       total 215552K, used 189971K [0x00000006c2a00000, 0x00000006cfc80000, 0x000000076b900000)
  object space 215552K, 88% used [0x00000006c2a00000,0x00000006ce384d20,0x00000006cfc80000)
 Metaspace       used 18242K, capacity 18564K, committed 18816K, reserved 1064960K
  class space    used 2237K, capacity 2343K, committed 2432K, reserved 1048576K
}
Event: 11.863 GC heap before
{Heap before GC invocations=44 (full 1):
 PSYoungGen      total 853504K, used 841856K [0x000000076b900000, 0x00000007a1000000, 0x00000007c0000000)
  eden space 832512K, 100% used [0x000000076b900000,0x000000079e600000,0x000000079e600000)
  from space 20992K, 44% used [0x000000079fb80000,0x00000007a04a0210,0x00000007a1000000)
  to   space 21504K, 0% used [0x000000079e600000,0x000000079e600000,0x000000079fb00000)
 ParOldGen       total 215552K, used 189971K [0x00000006c2a00000, 0x00000006cfc80000, 0x000000076b900000)
  object space 215552K, 88% used [0x00000006c2a00000,0x00000006ce384d20,0x00000006cfc80000)
 Metaspace       used 18242K, capacity 18564K, committed 18816K, reserved 1064960K
  class space    used 2237K, capacity 2343K, committed 2432K, reserved 1048576K
Event: 11.865 GC heap after
Heap after GC invocations=44 (full 1):
 PSYoungGen      total 854016K, used 7040K [0x000000076b900000, 0x00000007a1000000, 0x00000007c0000000)
  eden space 832512K, 0% used [0x000000076b900000,0x000000076b900000,0x000000079e600000)
  from space 21504K, 32% used [0x000000079e600000,0x000000079ece01a0,0x000000079fb00000)
  to   space 20992K, 0% used [0x000000079fb80000,0x000000079fb80000,0x00000007a1000000)
 ParOldGen       total 215552K, used 198035K [0x00000006c2a00000, 0x00000006cfc80000, 0x000000076b900000)
  object space 215552K, 91% used [0x00000006c2a00000,0x00000006ceb64ef0,0x00000006cfc80000)
 Metaspace       used 18242K, capacity 18564K, committed 18816K, reserved 1064960K
  class space    used 2237K, capacity 2343K, committed 2432K, reserved 1048576K
}
Event: 11.967 GC heap before
{Heap before GC invocations=45 (full 1):
 PSYoungGen      total 854016K, used 839552K [0x000000076b900000, 0x00000007a1000000, 0x00000007c0000000)
  eden space 832512K, 100% used [0x000000076b900000,0x000000079e600000,0x000000079e600000)
  from space 21504K, 32% used [0x000000079e600000,0x000000079ece01a0,0x000000079fb00000)
  to   space 20992K, 0% used [0x000000079fb80000,0x000000079fb80000,0x00000007a1000000)
 ParOldGen       total 215552K, used 198035K [0x00000006c2a00000, 0x00000006cfc80000, 0x000000076b900000)
  object space 215552K, 91% used [0x00000006c2a00000,0x00000006ceb64ef0,0x00000006cfc80000)
 Metaspace       used 18249K, capacity 18564K, committed 18816K, reserved 1064960K
  class space    used 2237K, capacity 2343K, committed 2432K, reserved 1048576K
Event: 11.969 GC heap after
Heap after GC invocations=45 (full 1):
 PSYoungGen      total 853504K, used 10624K [0x000000076b900000, 0x00000007a1000000, 0x00000007c0000000)
  eden space 832512K, 0% used [0x000000076b900000,0x000000076b900000,0x000000079e600000)
  from space 20992K, 50% used [0x000000079fb80000,0x00000007a05e0260,0x00000007a1000000)
  to   space 21504K, 0% used [0x000000079e600000,0x000000079e600000,0x000000079fb00000)
 ParOldGen       total 215552K, used 201195K [0x00000006c2a00000, 0x00000006cfc80000, 0x000000076b900000)
  object space 215552K, 93% used [0x00000006c2a00000,0x00000006cee7afc0,0x00000006cfc80000)
 Metaspace       used 18249K, capacity 18564K, committed 18816K, reserved 1064960K
  class space    used 2237K, capacity 2343K, committed 2432K, reserved 1048576K
}

