# JRE version: Java(TM) SE Runtime Environment (8.0_141-b15) (build 1.8.0_141-b15)
# Java VM: Java HotSpot(TM) 64-Bit Server VM (25.141-b15 mixed mode windows-amd64 compressed oops)
Heap:
 PSYoungGen      total 531456K, used 66177K [0x000000076b900000, 0x000000078d280000, 0x00000007c0000000)
  eden space 512512K, 11% used [0x000000076b900000,0x000000076f088210,0x000000078ad80000)
  from space 18944K, 49% used [0x000000078ad80000,0x000000078b698210,0x000000078c000000)
  to   space 18944K, 0% used [0x000000078c000000,0x000000078c000000,0x000000078d280000)
 ParOldGen       total 207360K, used 131077K [0x00000006c2a00000, 0x00000006cf480000, 0x000000076b900000)
  object space 207360K, 63% used [0x00000006c2a00000,0x00000006caa01740,0x00000006cf480000)
 Metaspace       used 18295K, capacity 18628K, committed 18816K, reserved 1064960K
  class space    used 2237K, capacity 2343K, committed 2432K, reserved 1048576K
GC Heap History (10 events):
Event: 16.776 GC heap before
{Heap before GC invocations=30 (full 0):
 PSYoungGen      total 531456K, used 518272K [0x000000076b900000, 0x000000078d280000, 0x00000007c0000000)
  eden space 512512K, 100% used [0x000000076b900000,0x000000078ad80000,0x000000078ad80000)
  from space 18944K, 30% used [0x000000078ad80000,0x000000078b320150,0x000000078c000000)
  to   space 18944K, 0% used [0x000000078c000000,0x000000078c000000,0x000000078d280000)
 ParOldGen       total 173568K, used 154139K [0x00000006c2a00000, 0x00000006cd380000, 0x000000076b900000)
  object space 173568K, 88% used [0x00000006c2a00000,0x00000006cc086cb8,0x00000006cd380000)
 Metaspace       used 18294K, capacity 18628K, committed 18816K, reserved 1064960K
  class space    used 2237K, capacity 2343K, committed 2432K, reserved 1048576K
Event: 16.778 GC heap after
Heap after GC invocations=30 (full 0):
 PSYoungGen      total 531456K, used 8064K [0x000000076b900000, 0x000000078d280000, 0x00000007c0000000)
  eden space 512512K, 0% used [0x000000076b900000,0x000000076b900000,0x000000078ad80000)
  from space 18944K, 42% used [0x000000078c000000,0x000000078c7e01d0,0x000000078d280000)
  to   space 18944K, 0% used [0x000000078ad80000,0x000000078ad80000,0x000000078c000000)
 ParOldGen       total 173568K, used 157795K [0x00000006c2a00000, 0x00000006cd380000, 0x000000076b900000)
  object space 173568K, 90% used [0x00000006c2a00000,0x00000006cc418d98,0x00000006cd380000)
 Metaspace       used 18294K, capacity 18628K, committed 18816K, reserved 1064960K
  class space    used 2237K, capacity 2343K, committed 2432K, reserved 1048576K
}
Event: 16.857 GC heap before
{Heap before GC invocations=31 (full 0):
 PSYoungGen      total 531456K, used 520576K [0x000000076b900000, 0x000000078d280000, 0x00000007c0000000)
  eden space 512512K, 100% used [0x000000076b900000,0x000000078ad80000,0x000000078ad80000)
  from space 18944K, 42% used [0x000000078c000000,0x000000078c7e01d0,0x000000078d280000)
  to   space 18944K, 0% used [0x000000078ad80000,0x000000078ad80000,0x000000078c000000)
 ParOldGen       total 173568K, used 157795K [0x00000006c2a00000, 0x00000006cd380000, 0x000000076b900000)
  object space 173568K, 90% used [0x00000006c2a00000,0x00000006cc418d98,0x00000006cd380000)
 Metaspace       used 18294K, capacity 18628K, committed 18816K, reserved 1064960K
  class space    used 2237K, capacity 2343K, committed 2432K, reserved 1048576K
Event: 16.860 GC heap after
Heap after GC invocations=31 (full 0):
 PSYoungGen      total 531456K, used 9344K [0x000000076b900000, 0x000000078d280000, 0x00000007c0000000)
  eden space 512512K, 0% used [0x000000076b900000,0x000000076b900000,0x000000078ad80000)
  from space 18944K, 49% used [0x000000078ad80000,0x000000078b6a0220,0x000000078c000000)
  to   space 18944K, 0% used [0x000000078c000000,0x000000078c000000,0x000000078d280000)
 ParOldGen       total 173568K, used 164579K [0x00000006c2a00000, 0x00000006cd380000, 0x000000076b900000)
  object space 173568K, 94% used [0x00000006c2a00000,0x00000006ccab8f28,0x00000006cd380000)
 Metaspace       used 18294K, capacity 18628K, committed 18816K, reserved 1064960K
  class space    used 2237K, capacity 2343K, committed 2432K, reserved 1048576K
}
Event: 16.860 GC heap before
{Heap before GC invocations=32 (full 1):
 PSYoungGen      total 531456K, used 9344K [0x000000076b900000, 0x000000078d280000, 0x00000007c0000000)
  eden space 512512K, 0% used [0x000000076b900000,0x000000076b900000,0x000000078ad80000)
  from space 18944K, 49% used [0x000000078ad80000,0x000000078b6a0220,0x000000078c000000)
  to   space 18944K, 0% used [0x000000078c000000,0x000000078c000000,0x000000078d280000)
 ParOldGen       total 173568K, used 164579K [0x00000006c2a00000, 0x00000006cd380000, 0x000000076b900000)
  object space 173568K, 94% used [0x00000006c2a00000,0x00000006ccab8f28,0x00000006cd380000)
 Metaspace       used 18294K, capacity 18628K, committed 18816K, reserved 1064960K
  class space    used 2237K, capacity 2343K, committed 2432K, reserved 1048576K
Event: 16.889 GC heap after
Heap after GC invocations=32 (full 1):
 PSYoungGen      total 531456K, used 0K [0x000000076b900000, 0x000000078d280000, 0x00000007c0000000)
  eden space 512512K, 0% used [0x000000076b900000,0x000000076b900000,0x000000078ad80000)
  from space 18944K, 0% used [0x000000078ad80000,0x000000078ad80000,0x000000078c000000)
  to   space 18944K, 0% used [0x000000078c000000,0x000000078c000000,0x000000078d280000)
 ParOldGen       total 207360K, used 127157K [0x00000006c2a00000, 0x00000006cf480000, 0x000000076b900000)
  object space 207360K, 61% used [0x00000006c2a00000,0x00000006ca62d650,0x00000006cf480000)
 Metaspace       used 18294K, capacity 18628K, committed 18816K, reserved 1064960K
  class space    used 2237K, capacity 2343K, committed 2432K, reserved 1048576K
}
Event: 16.954 GC heap before
{Heap before GC invocations=33 (full 1):
 PSYoungGen      total 531456K, used 512512K [0x000000076b900000, 0x000000078d280000, 0x00000007c0000000)
  eden space 512512K, 100% used [0x000000076b900000,0x000000078ad80000,0x000000078ad80000)
  from space 18944K, 0% used [0x000000078ad80000,0x000000078ad80000,0x000000078c000000)
  to   space 18944K, 0% used [0x000000078c000000,0x000000078c000000,0x000000078d280000)
 ParOldGen       total 207360K, used 127157K [0x00000006c2a00000, 0x00000006cf480000, 0x000000076b900000)
  object space 207360K, 61% used [0x00000006c2a00000,0x00000006ca62d650,0x00000006cf480000)
 Metaspace       used 18295K, capacity 18628K, committed 18816K, reserved 1064960K
  class space    used 2237K, capacity 2343K, committed 2432K, reserved 1048576K
Event: 16.955 GC heap after
Heap after GC invocations=33 (full 1):
 PSYoungGen      total 531456K, used 8064K [0x000000076b900000, 0x000000078d280000, 0x00000007c0000000)
  eden space 512512K, 0% used [0x000000076b900000,0x000000076b900000,0x000000078ad80000)
  from space 18944K, 42% used [0x000000078c000000,0x000000078c7e01e0,0x000000078d280000)
  to   space 18944K, 0% used [0x000000078ad80000,0x000000078ad80000,0x000000078c000000)
 ParOldGen       total 207360K, used 127165K [0x00000006c2a00000, 0x00000006cf480000, 0x000000076b900000)
  object space 207360K, 61% used [0x00000006c2a00000,0x00000006ca62f650,0x00000006cf480000)
 Metaspace       used 18295K, capacity 18628K, committed 18816K, reserved 1064960K
  class space    used 2237K, capacity 2343K, committed 2432K, reserved 1048576K
}
Event: 17.045 GC heap before
{Heap before GC invocations=34 (full 1):
 PSYoungGen      total 531456K, used 520576K [0x000000076b900000, 0x000000078d280000, 0x00000007c0000000)
  eden space 512512K, 100% used [0x000000076b900000,0x000000078ad80000,0x000000078ad80000)
  from space 18944K, 42% used [0x000000078c000000,0x000000078c7e01e0,0x000000078d280000)
  to   space 18944K, 0% used [0x000000078ad80000,0x000000078ad80000,0x000000078c000000)
 ParOldGen       total 207360K, used 127165K [0x00000006c2a00000, 0x00000006cf480000, 0x000000076b900000)
  object space 207360K, 61% used [0x00000006c2a00000,0x00000006ca62f650,0x00000006cf480000)
 Metaspace       used 18295K, capacity 18628K, committed 18816K, reserved 1064960K
  class space    used 2237K, capacity 2343K, committed 2432K, reserved 1048576K
Event: 17.047 GC heap after
Heap after GC invocations=34 (full 1):
 PSYoungGen      total 531456K, used 9312K [0x000000076b900000, 0x000000078d280000, 0x00000007c0000000)
  eden space 512512K, 0% used [0x000000076b900000,0x000000076b900000,0x000000078ad80000)
  from space 18944K, 49% used [0x000000078ad80000,0x000000078b698210,0x000000078c000000)
  to   space 18944K, 0% used [0x000000078c000000,0x000000078c000000,0x000000078d280000)
 ParOldGen       total 207360K, used 131077K [0x00000006c2a00000, 0x00000006cf480000, 0x000000076b900000)
  object space 207360K, 63% used [0x00000006c2a00000,0x00000006caa01740,0x00000006cf480000)
 Metaspace       used 18295K, capacity 18628K, committed 18816K, reserved 1064960K
  class space    used 2237K, capacity 2343K, committed 2432K, reserved 1048576K
}

