# JRE version: Java(TM) SE Runtime Environment (8.0_141-b15) (build 1.8.0_141-b15)
# Java VM: Java HotSpot(TM) 64-Bit Server VM (25.141-b15 mixed mode windows-amd64 compressed oops)
Heap:
 PSYoungGen      total 541184K, used 185499K [0x000000076b900000, 0x000000078df00000, 0x00000007c0000000)
  eden space 520192K, 35% used [0x000000076b900000,0x0000000776e26e78,0x000000078b500000)
  from space 20992K, 0% used [0x000000078ca80000,0x000000078ca80000,0x000000078df00000)
  to   space 21504K, 0% used [0x000000078b500000,0x000000078b500000,0x000000078ca00000)
 ParOldGen       total 173568K, used 173382K [0x00000006c2a00000, 0x00000006cd380000, 0x000000076b900000)
  object space 173568K, 99% used [0x00000006c2a00000,0x00000006cd351ae0,0x00000006cd380000)
 Metaspace       used 18550K, capacity 18828K, committed 19072K, reserved 1067008K
  class space    used 2269K, capacity 2343K, committed 2432K, reserved 1048576K
GC Heap History (10 events):
Event: 20.841 GC heap before
{Heap before GC invocations=57 (full 15):
 PSYoungGen      total 541184K, used 520192K [0x000000076b900000, 0x000000078df00000, 0x00000007c0000000)
  eden space 520192K, 100% used [0x000000076b900000,0x000000078b500000,0x000000078b500000)
  from space 20992K, 0% used [0x000000078ca80000,0x000000078ca80000,0x000000078df00000)
  to   space 21504K, 0% used [0x000000078b500000,0x000000078b500000,0x000000078ca00000)
 ParOldGen       total 173568K, used 173383K [0x00000006c2a00000, 0x00000006cd380000, 0x000000076b900000)
  object space 173568K, 99% used [0x00000006c2a00000,0x00000006cd351f90,0x00000006cd380000)
 Metaspace       used 18521K, capacity 18828K, committed 19072K, reserved 1067008K
  class space    used 2269K, capacity 2343K, committed 2432K, reserved 1048576K
Event: 20.883 GC heap after
Heap after GC invocations=57 (full 15):
 PSYoungGen      total 541184K, used 25841K [0x000000076b900000, 0x000000078df00000, 0x00000007c0000000)
  eden space 520192K, 4% used [0x000000076b900000,0x000000076d23c790,0x000000078b500000)
  from space 20992K, 0% used [0x000000078ca80000,0x000000078ca80000,0x000000078df00000)
  to   space 21504K, 0% used [0x000000078b500000,0x000000078b500000,0x000000078ca00000)
 ParOldGen       total 173568K, used 173383K [0x00000006c2a00000, 0x00000006cd380000, 0x000000076b900000)
  object space 173568K, 99% used [0x00000006c2a00000,0x00000006cd351d18,0x00000006cd380000)
 Metaspace       used 18521K, capacity 18828K, committed 19072K, reserved 1067008K
  class space    used 2269K, capacity 2343K, committed 2432K, reserved 1048576K
}
Event: 20.982 GC heap before
{Heap before GC invocations=58 (full 16):
 PSYoungGen      total 541184K, used 520192K [0x000000076b900000, 0x000000078df00000, 0x00000007c0000000)
  eden space 520192K, 100% used [0x000000076b900000,0x000000078b500000,0x000000078b500000)
  from space 20992K, 0% used [0x000000078ca80000,0x000000078ca80000,0x000000078df00000)
  to   space 21504K, 0% used [0x000000078b500000,0x000000078b500000,0x000000078ca00000)
 ParOldGen       total 173568K, used 173383K [0x00000006c2a00000, 0x00000006cd380000, 0x000000076b900000)
  object space 173568K, 99% used [0x00000006c2a00000,0x00000006cd351d18,0x00000006cd380000)
 Metaspace       used 18527K, capacity 18828K, committed 19072K, reserved 1067008K
  class space    used 2269K, capacity 2343K, committed 2432K, reserved 1048576K
Event: 21.034 GC heap after
Heap after GC invocations=58 (full 16):
 PSYoungGen      total 541184K, used 29202K [0x000000076b900000, 0x000000078df00000, 0x00000007c0000000)
  eden space 520192K, 5% used [0x000000076b900000,0x000000076d584850,0x000000078b500000)
  from space 20992K, 0% used [0x000000078ca80000,0x000000078ca80000,0x000000078df00000)
  to   space 21504K, 0% used [0x000000078b500000,0x000000078b500000,0x000000078ca00000)
 ParOldGen       total 173568K, used 173382K [0x00000006c2a00000, 0x00000006cd380000, 0x000000076b900000)
  object space 173568K, 99% used [0x00000006c2a00000,0x00000006cd351ae0,0x00000006cd380000)
 Metaspace       used 18527K, capacity 18828K, committed 19072K, reserved 1067008K
  class space    used 2269K, capacity 2343K, committed 2432K, reserved 1048576K
}
Event: 21.116 GC heap before
{Heap before GC invocations=59 (full 17):
 PSYoungGen      total 541184K, used 520192K [0x000000076b900000, 0x000000078df00000, 0x00000007c0000000)
  eden space 520192K, 100% used [0x000000076b900000,0x000000078b500000,0x000000078b500000)
  from space 20992K, 0% used [0x000000078ca80000,0x000000078ca80000,0x000000078df00000)
  to   space 21504K, 0% used [0x000000078b500000,0x000000078b500000,0x000000078ca00000)
 ParOldGen       total 173568K, used 173382K [0x00000006c2a00000, 0x00000006cd380000, 0x000000076b900000)
  object space 173568K, 99% used [0x00000006c2a00000,0x00000006cd351ae0,0x00000006cd380000)
 Metaspace       used 18527K, capacity 18828K, committed 19072K, reserved 1067008K
  class space    used 2269K, capacity 2343K, committed 2432K, reserved 1048576K
Event: 21.151 GC heap after
Heap after GC invocations=59 (full 17):
 PSYoungGen      total 541184K, used 33036K [0x000000076b900000, 0x000000078df00000, 0x00000007c0000000)
  eden space 520192K, 6% used [0x000000076b900000,0x000000076d943240,0x000000078b500000)
  from space 20992K, 0% used [0x000000078ca80000,0x000000078ca80000,0x000000078df00000)
  to   space 21504K, 0% used [0x000000078b500000,0x000000078b500000,0x000000078ca00000)
 ParOldGen       total 173568K, used 173382K [0x00000006c2a00000, 0x00000006cd380000, 0x000000076b900000)
  object space 173568K, 99% used [0x00000006c2a00000,0x00000006cd351ae0,0x00000006cd380000)
 Metaspace       used 18527K, capacity 18828K, committed 19072K, reserved 1067008K
  class space    used 2269K, capacity 2343K, committed 2432K, reserved 1048576K
}
Event: 21.231 GC heap before
{Heap before GC invocations=60 (full 18):
 PSYoungGen      total 541184K, used 520192K [0x000000076b900000, 0x000000078df00000, 0x00000007c0000000)
  eden space 520192K, 100% used [0x000000076b900000,0x000000078b500000,0x000000078b500000)
  from space 20992K, 0% used [0x000000078ca80000,0x000000078ca80000,0x000000078df00000)
  to   space 21504K, 0% used [0x000000078b500000,0x000000078b500000,0x000000078ca00000)
 ParOldGen       total 173568K, used 173382K [0x00000006c2a00000, 0x00000006cd380000, 0x000000076b900000)
  object space 173568K, 99% used [0x00000006c2a00000,0x00000006cd351ae0,0x00000006cd380000)
 Metaspace       used 18530K, capacity 18828K, committed 19072K, reserved 1067008K
  class space    used 2269K, capacity 2343K, committed 2432K, reserved 1048576K
Event: 21.268 GC heap after
Heap after GC invocations=60 (full 18):
 PSYoungGen      total 541184K, used 36647K [0x000000076b900000, 0x000000078df00000, 0x00000007c0000000)
  eden space 520192K, 7% used [0x000000076b900000,0x000000076dcc9ca8,0x000000078b500000)
  from space 20992K, 0% used [0x000000078ca80000,0x000000078ca80000,0x000000078df00000)
  to   space 21504K, 0% used [0x000000078b500000,0x000000078b500000,0x000000078ca00000)
 ParOldGen       total 173568K, used 173382K [0x00000006c2a00000, 0x00000006cd380000, 0x000000076b900000)
  object space 173568K, 99% used [0x00000006c2a00000,0x00000006cd351ae0,0x00000006cd380000)
 Metaspace       used 18530K, capacity 18828K, committed 19072K, reserved 1067008K
  class space    used 2269K, capacity 2343K, committed 2432K, reserved 1048576K
}
Event: 21.398 GC heap before
{Heap before GC invocations=61 (full 19):
 PSYoungGen      total 541184K, used 520130K [0x000000076b900000, 0x000000078df00000, 0x00000007c0000000)
  eden space 520192K, 99% used [0x000000076b900000,0x000000078b4f0a48,0x000000078b500000)
  from space 20992K, 0% used [0x000000078ca80000,0x000000078ca80000,0x000000078df00000)
  to   space 21504K, 0% used [0x000000078b500000,0x000000078b500000,0x000000078ca00000)
 ParOldGen       total 173568K, used 173382K [0x00000006c2a00000, 0x00000006cd380000, 0x000000076b900000)
  object space 173568K, 99% used [0x00000006c2a00000,0x00000006cd351ae0,0x00000006cd380000)
 Metaspace       used 18537K, capacity 18828K, committed 19072K, reserved 1067008K
  class space    used 2269K, capacity 2343K, committed 2432K, reserved 1048576K
Event: 21.665 GC heap after
Heap after GC invocations=61 (full 19):
 PSYoungGen      total 541184K, used 40998K [0x000000076b900000, 0x000000078df00000, 0x00000007c0000000)
  eden space 520192K, 7% used [0x000000076b900000,0x000000076e109920,0x000000078b500000)
  from space 20992K, 0% used [0x000000078ca80000,0x000000078ca80000,0x000000078df00000)
  to   space 21504K, 0% used [0x000000078b500000,0x000000078b500000,0x000000078ca00000)
 ParOldGen       total 173568K, used 173382K [0x00000006c2a00000, 0x00000006cd380000, 0x000000076b900000)
  object space 173568K, 99% used [0x00000006c2a00000,0x00000006cd351ae0,0x00000006cd380000)
 Metaspace       used 18537K, capacity 18828K, committed 19072K, reserved 1067008K
  class space    used 2269K, capacity 2343K, committed 2432K, reserved 1048576K
}

